0 info it worked if it ends with ok
1 verbose cli [ '/usr/local/bin/node',
1 verbose cli   '/usr/local/bin/npm',
1 verbose cli   'install',
1 verbose cli   'ios-deploy',
1 verbose cli   '--save' ]
2 info using npm@3.10.10
3 info using node@v6.9.5
4 silly loadCurrentTree Starting
5 silly install loadCurrentTree
6 silly install readLocalPackageData
7 silly fetchPackageMetaData ios-deploy
8 silly fetchNamedPackageData ios-deploy
9 silly mapToRegistry name ios-deploy
10 silly mapToRegistry using default registry
11 silly mapToRegistry registry https://registry.npmjs.org/
12 silly mapToRegistry data Result {
12 silly mapToRegistry   raw: 'ios-deploy',
12 silly mapToRegistry   scope: null,
12 silly mapToRegistry   escapedName: 'ios-deploy',
12 silly mapToRegistry   name: 'ios-deploy',
12 silly mapToRegistry   rawSpec: '',
12 silly mapToRegistry   spec: 'latest',
12 silly mapToRegistry   type: 'tag' }
13 silly mapToRegistry uri https://registry.npmjs.org/ios-deploy
14 verbose request uri https://registry.npmjs.org/ios-deploy
15 verbose request no auth needed
16 info attempt registry request try #1 at 4:11:21 PM
17 verbose request id 8ee221b708da4d0a
18 verbose etag W/"589653e6-a556"
19 verbose lastModified Sat, 04 Feb 2017 22:21:26 GMT
20 http request GET https://registry.npmjs.org/ios-deploy
21 http 304 https://registry.npmjs.org/ios-deploy
22 verbose headers { date: 'Wed, 17 May 2017 15:11:21 GMT',
22 verbose headers   via: '1.1 varnish',
22 verbose headers   'cache-control': 'max-age=300',
22 verbose headers   etag: 'W/"589653e6-a556"',
22 verbose headers   age: '68',
22 verbose headers   connection: 'keep-alive',
22 verbose headers   'x-served-by': 'cache-lcy1122-LCY',
22 verbose headers   'x-cache': 'HIT',
22 verbose headers   'x-cache-hits': '1',
22 verbose headers   'x-timer': 'S1495033881.282475,VS0,VE0',
22 verbose headers   vary: 'Accept-Encoding' }
23 silly get cb [ 304,
23 silly get   { date: 'Wed, 17 May 2017 15:11:21 GMT',
23 silly get     via: '1.1 varnish',
23 silly get     'cache-control': 'max-age=300',
23 silly get     etag: 'W/"589653e6-a556"',
23 silly get     age: '68',
23 silly get     connection: 'keep-alive',
23 silly get     'x-served-by': 'cache-lcy1122-LCY',
23 silly get     'x-cache': 'HIT',
23 silly get     'x-cache-hits': '1',
23 silly get     'x-timer': 'S1495033881.282475,VS0,VE0',
23 silly get     vary: 'Accept-Encoding' } ]
24 verbose etag https://registry.npmjs.org/ios-deploy from cache
25 verbose get saving ios-deploy to /Users/MaheshaK/.npm/registry.npmjs.org/ios-deploy/.cache.json
26 verbose correctMkdir /Users/MaheshaK/.npm correctMkdir not in flight; initializing
27 silly install normalizeTree
28 silly loadCurrentTree Finishing
29 silly loadIdealTree Starting
30 silly install loadIdealTree
31 silly cloneCurrentTree Starting
32 silly install cloneCurrentTreeToIdealTree
33 silly cloneCurrentTree Finishing
34 silly loadShrinkwrap Starting
35 silly install loadShrinkwrap
36 silly loadShrinkwrap Finishing
37 silly loadAllDepsIntoIdealTree Starting
38 silly install loadAllDepsIntoIdealTree
39 silly resolveWithNewModule ios-deploy@1.9.1 checking installable status
40 silly cache add args [ 'ios-deploy', null ]
41 verbose cache add spec ios-deploy
42 silly cache add parsed spec Result {
42 silly cache add   raw: 'ios-deploy',
42 silly cache add   scope: null,
42 silly cache add   escapedName: 'ios-deploy',
42 silly cache add   name: 'ios-deploy',
42 silly cache add   rawSpec: '',
42 silly cache add   spec: 'latest',
42 silly cache add   type: 'tag' }
43 silly addNamed ios-deploy@latest
44 verbose addNamed "latest" is being treated as a dist-tag for ios-deploy
45 info addNameTag [ 'ios-deploy', 'latest' ]
46 silly mapToRegistry name ios-deploy
47 silly mapToRegistry using default registry
48 silly mapToRegistry registry https://registry.npmjs.org/
49 silly mapToRegistry data Result {
49 silly mapToRegistry   raw: 'ios-deploy',
49 silly mapToRegistry   scope: null,
49 silly mapToRegistry   escapedName: 'ios-deploy',
49 silly mapToRegistry   name: 'ios-deploy',
49 silly mapToRegistry   rawSpec: '',
49 silly mapToRegistry   spec: 'latest',
49 silly mapToRegistry   type: 'tag' }
50 silly mapToRegistry uri https://registry.npmjs.org/ios-deploy
51 verbose addNameTag registry:https://registry.npmjs.org/ios-deploy not in flight; fetching
52 verbose get https://registry.npmjs.org/ios-deploy not expired, no request
53 silly addNameTag next cb for ios-deploy with tag latest
54 silly addNamed ios-deploy@1.9.1
55 verbose addNamed "1.9.1" is a plain semver version for ios-deploy
56 silly cache afterAdd ios-deploy@1.9.1
57 verbose afterAdd /Users/MaheshaK/.npm/ios-deploy/1.9.1/package/package.json not in flight; writing
58 verbose correctMkdir /Users/MaheshaK/.npm correctMkdir not in flight; initializing
59 verbose afterAdd /Users/MaheshaK/.npm/ios-deploy/1.9.1/package/package.json written
60 silly loadAllDepsIntoIdealTree Finishing
61 silly loadIdealTree Finishing
62 silly currentTree IWmobile
63 silly idealTree IWmobile
63 silly idealTree └── ios-deploy@1.9.1
64 silly generateActionsToTake Starting
65 silly install generateActionsToTake
66 silly generateActionsToTake Finishing
67 silly diffTrees action count 1
68 silly diffTrees add ios-deploy@1.9.1
69 silly decomposeActions action count 8
70 silly decomposeActions fetch ios-deploy@1.9.1
71 silly decomposeActions extract ios-deploy@1.9.1
72 silly decomposeActions test ios-deploy@1.9.1
73 silly decomposeActions preinstall ios-deploy@1.9.1
74 silly decomposeActions build ios-deploy@1.9.1
75 silly decomposeActions install ios-deploy@1.9.1
76 silly decomposeActions postinstall ios-deploy@1.9.1
77 silly decomposeActions finalize ios-deploy@1.9.1
78 silly runTopLevelLifecycles Starting
79 silly executeActions Starting
80 silly install executeActions
81 silly doSerial global-install 0
82 silly doParallel fetch 1
83 verbose correctMkdir /Users/MaheshaK/.npm/_locks correctMkdir not in flight; initializing
84 verbose lock using /Users/MaheshaK/.npm/_locks/staging-1a60d97ce6ed5ac8.lock for /Users/MaheshaK/Google Drive/YEAR3/COM3504/Assignment/MainDirectory/solution/IWmobile/node_modules/.staging
85 silly doParallel extract 1
86 silly extract ios-deploy@1.9.1
87 verbose unbuild node_modules/.staging/ios-deploy-da28d1a0
88 silly gentlyRm /Users/MaheshaK/Google Drive/YEAR3/COM3504/Assignment/MainDirectory/solution/IWmobile/node_modules/.staging/ios-deploy-da28d1a0 is being purged from base /Users/MaheshaK/Google Drive/YEAR3/COM3504/Assignment/MainDirectory/solution/IWmobile
89 verbose gentlyRm don't care about contents; nuking /Users/MaheshaK/Google Drive/YEAR3/COM3504/Assignment/MainDirectory/solution/IWmobile/node_modules/.staging/ios-deploy-da28d1a0
90 verbose tar unpack /Users/MaheshaK/.npm/ios-deploy/1.9.1/package.tgz
91 verbose tar unpacking to /Users/MaheshaK/Google Drive/YEAR3/COM3504/Assignment/MainDirectory/solution/IWmobile/node_modules/.staging/ios-deploy-da28d1a0
92 silly gentlyRm /Users/MaheshaK/Google Drive/YEAR3/COM3504/Assignment/MainDirectory/solution/IWmobile/node_modules/.staging/ios-deploy-da28d1a0 is being purged
93 verbose gentlyRm don't care about contents; nuking /Users/MaheshaK/Google Drive/YEAR3/COM3504/Assignment/MainDirectory/solution/IWmobile/node_modules/.staging/ios-deploy-da28d1a0
94 silly gunzTarPerm modes [ '755', '644' ]
95 silly gunzTarPerm extractEntry package.json
96 silly gunzTarPerm extractEntry .npmignore
97 silly gunzTarPerm extractEntry README.md
98 silly gunzTarPerm extractEntry LICENSE
99 silly gunzTarPerm extractEntry .travis.yml
100 silly gunzTarPerm extractEntry .github/CONTRIBUTING.md
101 silly gunzTarPerm extractEntry .github/ISSUE_TEMPLATE.md
102 silly gunzTarPerm extractEntry demo/.npmignore
103 silly gunzTarPerm extractEntry demo/Entitlements.plist
104 silly gunzTarPerm extractEntry demo/Info.plist
105 silly gunzTarPerm extractEntry demo/Makefile
106 silly gunzTarPerm extractEntry demo/ResourceRules.plist
107 silly gunzTarPerm extractEntry demo/demo.c
108 silly gunzTarPerm extractEntry ios-deploy.xcodeproj/project.pbxproj
109 silly gunzTarPerm extractEntry ios-deploy.xcodeproj/xcshareddata/xcschemes/ios-deploy-tests.xcscheme
110 silly gunzTarPerm extractEntry src/ios-deploy/MobileDevice.h
111 silly gunzTarPerm extractEntry src/ios-deploy/device_db.h
112 silly gunzTarPerm extractEntry src/ios-deploy/errors.h
113 silly gunzTarPerm extractEntry src/ios-deploy/ios-deploy.m
114 silly gunzTarPerm extractEntry src/ios-deploy/version.h
115 silly gunzTarPerm extractEntry src/ios-deploy-lib/libios_deploy.h
116 silly gunzTarPerm extractEntry src/ios-deploy-lib/libios_deploy.m
117 silly gunzTarPerm extractEntry src/ios-deploy-tests/Info.plist
118 silly gunzTarPerm extractEntry src/ios-deploy-tests/ios_deploy_tests.m
119 silly gunzTarPerm extractEntry src/scripts/check_reqs.js
120 silly gunzTarPerm extractEntry src/scripts/lldb.py
121 silly gentlyRm /Users/MaheshaK/Google Drive/YEAR3/COM3504/Assignment/MainDirectory/solution/IWmobile/node_modules/.staging/ios-deploy-da28d1a0/node_modules is being purged
122 verbose gentlyRm don't care about contents; nuking /Users/MaheshaK/Google Drive/YEAR3/COM3504/Assignment/MainDirectory/solution/IWmobile/node_modules/.staging/ios-deploy-da28d1a0/node_modules
123 silly doParallel preinstall 1
124 silly preinstall ios-deploy@1.9.1 /Users/MaheshaK/Google Drive/YEAR3/COM3504/Assignment/MainDirectory/solution/IWmobile/node_modules/.staging/ios-deploy-da28d1a0
125 info lifecycle ios-deploy@1.9.1~preinstall: ios-deploy@1.9.1
126 warn lifecycle ios-deploy@1.9.1~preinstall: cannot run in wd %s %s (wd=%s) ios-deploy@1.9.1 ./src/scripts/check_reqs.js && xcodebuild /Users/MaheshaK/Google Drive/YEAR3/COM3504/Assignment/MainDirectory/solution/IWmobile/node_modules/.staging/ios-deploy-da28d1a0
127 silly doReverseSerial remove 0
128 silly doSerial move 0
129 silly doSerial finalize 1
130 silly finalize /Users/MaheshaK/Google Drive/YEAR3/COM3504/Assignment/MainDirectory/solution/IWmobile/node_modules/ios-deploy
131 silly doSerial build 1
132 silly build ios-deploy@1.9.1
133 info linkStuff ios-deploy@1.9.1
134 silly linkStuff ios-deploy@1.9.1 has /Users/MaheshaK/Google Drive/YEAR3/COM3504/Assignment/MainDirectory/solution/IWmobile/node_modules as its parent node_modules
135 verbose linkBins ios-deploy@1.9.1
136 verbose link bins [ { 'ios-deploy': './build/Release/ios-deploy' },
136 verbose link bins   '/Users/MaheshaK/Google Drive/YEAR3/COM3504/Assignment/MainDirectory/solution/IWmobile/node_modules/.bin',
136 verbose link bins   false ]
137 verbose linkMans ios-deploy@1.9.1
138 verbose unlock done using /Users/MaheshaK/.npm/_locks/staging-1a60d97ce6ed5ac8.lock for /Users/MaheshaK/Google Drive/YEAR3/COM3504/Assignment/MainDirectory/solution/IWmobile/node_modules/.staging
139 silly rollbackFailedOptional Starting
140 silly rollbackFailedOptional Finishing
141 silly runTopLevelLifecycles Finishing
142 silly install printInstalled
143 warn enoent ENOENT: no such file or directory, open '/Users/MaheshaK/Google Drive/YEAR3/COM3504/Assignment/MainDirectory/solution/IWmobile/package.json'
144 verbose enoent ENOENT: no such file or directory, open '/Users/MaheshaK/Google Drive/YEAR3/COM3504/Assignment/MainDirectory/solution/IWmobile/package.json'
144 verbose enoent This is most likely not a problem with npm itself
144 verbose enoent and is related to npm not being able to find a file.
145 warn IWmobile No description
146 verbose If you need help, you may report this error at:
146 verbose     <https://github.com/npm/npm/issues>
147 warn IWmobile No repository field.
148 verbose If you need help, you may report this error at:
148 verbose     <https://github.com/npm/npm/issues>
149 warn IWmobile No README data
150 verbose If you need help, you may report this error at:
150 verbose     <https://github.com/npm/npm/issues>
151 warn IWmobile No license field.
152 verbose If you need help, you may report this error at:
152 verbose     <https://github.com/npm/npm/issues>
153 verbose stack Error: ENOENT: no such file or directory, chmod '/Users/MaheshaK/Google Drive/YEAR3/COM3504/Assignment/MainDirectory/solution/IWmobile/node_modules/ios-deploy/build/Release/ios-deploy'
153 verbose stack     at Error (native)
154 verbose cwd /Users/MaheshaK/Google Drive/YEAR3/COM3504/Assignment/MainDirectory/solution/IWmobile
155 error Darwin 16.4.0
156 error argv "/usr/local/bin/node" "/usr/local/bin/npm" "install" "ios-deploy" "--save"
157 error node v6.9.5
158 error npm  v3.10.10
159 error path /Users/MaheshaK/Google Drive/YEAR3/COM3504/Assignment/MainDirectory/solution/IWmobile/node_modules/ios-deploy/build/Release/ios-deploy
160 error code ENOENT
161 error errno -2
162 error syscall chmod
163 error enoent ENOENT: no such file or directory, chmod '/Users/MaheshaK/Google Drive/YEAR3/COM3504/Assignment/MainDirectory/solution/IWmobile/node_modules/ios-deploy/build/Release/ios-deploy'
164 error enoent ENOENT: no such file or directory, chmod '/Users/MaheshaK/Google Drive/YEAR3/COM3504/Assignment/MainDirectory/solution/IWmobile/node_modules/ios-deploy/build/Release/ios-deploy'
164 error enoent This is most likely not a problem with npm itself
164 error enoent and is related to npm not being able to find a file.
165 verbose exit [ -2, true ]
